Testsuite: timetest5.TimeTest5Suite
Tests run: 16, Failures: 2, Errors: 0, Time elapsed: 0.458 sec

------------- Standard Output ---------------

Total time for test1 = 0.042 sec

Total time for test2 = 0.01 sec

Total time for test3 = 0.0080 sec

Total time for test4 = 0.0080 sec


Total time for test6 = 0.018 sec

Total time for test7 = 0.031 sec

Total time for test8 = 0.011 sec

Total time for test9 = 0.017 sec

Total time for test10 = 0.01 sec


Total time for test12 = 0.013 sec

Total time for test13 = 0.013 sec

Total time for test14 = 0.013 sec

Total time for test15 = 0.033 sec

Total time for test16 = 0.135 sec
 
Total Time = 0.362 sec
------------- ---------------- ---------------
Testcase: test5(timetest5.TimeTest5):	FAILED
null
junit.framework.AssertionFailedError: null
	at timetest5.TimeTest5.test5(TimeTest5.java:62)


Testcase: test11(timetest5.TimeTest5):	FAILED
null
junit.framework.AssertionFailedError: null
	at timetest5.TimeTest5.test11(TimeTest5.java:128)


